<?xml version="1.0" encoding="UTF-8"?>
<testng-results skipped="0" failed="0" ignored="0" total="1" passed="1">
  <reporter-output>
  </reporter-output>
  <suite name="Suite" duration-ms="31" started-at="2018-06-29T07:04:30Z" finished-at="2018-06-29T07:04:30Z">
    <groups>
    </groups>
    <test name="Test" duration-ms="31" started-at="2018-06-29T07:04:30Z" finished-at="2018-06-29T07:04:30Z">
      <class name="MavenProject.MavenProject.TestClass">
        <test-method status="PASS" signature="test1()[pri:0, instance:MavenProject.MavenProject.TestClass@cc285f4]" name="test1" duration-ms="8" started-at="2018-06-29T07:04:30Z" finished-at="2018-06-29T07:04:30Z">
          <reporter-output>
          </reporter-output>
        </test-method> <!-- test1 -->
      </class> <!-- MavenProject.MavenProject.TestClass -->
    </test> <!-- Test -->
  </suite> <!-- Suite -->
</testng-results>
